<?xml version="1.0" encoding="UTF-8"?>
<!-- Generated by org.testng.reporters.JUnitReportReporter -->
<testsuite skipped="0" hostname="DESKTOP-RPFQAGM" name="com.wordpress.testcases.VerifyValidLogin" tests="1" failures="0" timestamp="2021-03-16T16:09:35 IST" time="21.441" errors="0">
  <testcase name="verifyValidLogin" time="21.441" classname="com.wordpress.testcases.VerifyValidLogin"/>
  <system-out/>
</testsuite> <!-- com.wordpress.testcases.VerifyValidLogin -->
